{"C:\\Users\\tngud\\OneDrive\\바탕 화면\\next.js\\learn-nextjs14\\pages\\404.tsx": {"path":"C:\\Users\\tngud\\OneDrive\\바탕 화면\\next.js\\learn-nextjs14\\pages\\404.tsx","statementMap":{"0":{"start":{"line":1,"column":24},"end":{"line":1,"column":null}},"1":{"start":{"line":2,"column":2},"end":{"line":2,"column":null}}},"fnMap":{"0":{"name":"NotFound","decl":{"start":{"line":1,"column":24},"end":{"line":1,"column":null}},"loc":{"start":{"line":1,"column":24},"end":{"line":3,"column":null}}}},"branchMap":{},"s":{"0":0,"1":0},"f":{"0":0},"b":{}}
,"C:\\Users\\tngud\\OneDrive\\바탕 화면\\next.js\\learn-nextjs14\\pages\\_app.tsx": {"path":"C:\\Users\\tngud\\OneDrive\\바탕 화면\\next.js\\learn-nextjs14\\pages\\_app.tsx","statementMap":{"0":{"start":{"line":4,"column":24},"end":{"line":4,"column":28}},"1":{"start":{"line":1,"column":19},"end":{"line":1,"column":null}},"2":{"start":{"line":2,"column":7},"end":{"line":2,"column":null}}},"fnMap":{"0":{"name":"App","decl":{"start":{"line":4,"column":24},"end":{"line":4,"column":28}},"loc":{"start":{"line":4,"column":57},"end":{"line":10,"column":null}}}},"branchMap":{},"s":{"0":0,"1":0,"2":0},"f":{"0":0},"b":{}}
,"C:\\Users\\tngud\\OneDrive\\바탕 화면\\next.js\\learn-nextjs14\\pages\\about.tsx": {"path":"C:\\Users\\tngud\\OneDrive\\바탕 화면\\next.js\\learn-nextjs14\\pages\\about.tsx","statementMap":{"0":{"start":{"line":3,"column":24},"end":{"line":3,"column":null}},"1":{"start":{"line":1,"column":16},"end":{"line":1,"column":null}}},"fnMap":{"0":{"name":"Home","decl":{"start":{"line":3,"column":24},"end":{"line":3,"column":null}},"loc":{"start":{"line":3,"column":24},"end":{"line":10,"column":null}}}},"branchMap":{},"s":{"0":0,"1":0},"f":{"0":0},"b":{}}
,"C:\\Users\\tngud\\OneDrive\\바탕 화면\\next.js\\learn-nextjs14\\utils\\subtraction.tsx": {"path":"C:\\Users\\tngud\\OneDrive\\바탕 화면\\next.js\\learn-nextjs14\\utils\\subtraction.tsx","statementMap":{"0":{"start":{"line":1,"column":24},"end":{"line":1,"column":36}},"1":{"start":{"line":2,"column":2},"end":{"line":2,"column":null}}},"fnMap":{"0":{"name":"subtraction","decl":{"start":{"line":1,"column":24},"end":{"line":1,"column":36}},"loc":{"start":{"line":1,"column":40},"end":{"line":3,"column":null}}}},"branchMap":{},"s":{"0":1,"1":1},"f":{"0":1},"b":{}}
}
