{"C:\\Users\\tngud\\OneDrive\\바탕 화면\\next.js\\learn-nextjs14\\pages\\layout.tsx": {"path":"C:\\Users\\tngud\\OneDrive\\바탕 화면\\next.js\\learn-nextjs14\\pages\\layout.tsx","statementMap":{"0":{"start":{"line":6,"column":24},"end":{"line":6,"column":35}},"1":{"start":{"line":1,"column":13},"end":{"line":1,"column":21}},"2":{"start":{"line":1,"column":24},"end":{"line":4,"column":null}}},"fnMap":{"0":{"name":"RootLayout","decl":{"start":{"line":6,"column":24},"end":{"line":6,"column":35}},"loc":{"start":{"line":10,"column":1},"end":{"line":16,"column":1}}}},"branchMap":{},"s":{"0":0,"1":0,"2":0},"f":{"0":0},"b":{}}
,"C:\\Users\\tngud\\OneDrive\\바탕 화면\\next.js\\learn-nextjs14\\pages\\not-found.tsx": {"path":"C:\\Users\\tngud\\OneDrive\\바탕 화면\\next.js\\learn-nextjs14\\pages\\not-found.tsx","statementMap":{"0":{"start":{"line":3,"column":24},"end":{"line":3,"column":null}},"1":{"start":{"line":1,"column":23},"end":{"line":1,"column":null}}},"fnMap":{"0":{"name":"NotFound","decl":{"start":{"line":3,"column":24},"end":{"line":3,"column":null}},"loc":{"start":{"line":3,"column":24},"end":{"line":10,"column":null}}}},"branchMap":{},"s":{"0":0,"1":0},"f":{"0":0},"b":{}}
,"C:\\Users\\tngud\\OneDrive\\바탕 화면\\next.js\\learn-nextjs14\\pages\\page.tsx": {"path":"C:\\Users\\tngud\\OneDrive\\바탕 화면\\next.js\\learn-nextjs14\\pages\\page.tsx","statementMap":{"0":{"start":{"line":3,"column":24},"end":{"line":3,"column":null}},"1":{"start":{"line":1,"column":23},"end":{"line":1,"column":null}}},"fnMap":{"0":{"name":"Page","decl":{"start":{"line":3,"column":24},"end":{"line":3,"column":null}},"loc":{"start":{"line":3,"column":24},"end":{"line":10,"column":null}}}},"branchMap":{},"s":{"0":0,"1":0},"f":{"0":0},"b":{}}
,"C:\\Users\\tngud\\OneDrive\\바탕 화면\\next.js\\learn-nextjs14\\pages\\about-us\\page.tsx": {"path":"C:\\Users\\tngud\\OneDrive\\바탕 화면\\next.js\\learn-nextjs14\\pages\\about-us\\page.tsx","statementMap":{"0":{"start":{"line":3,"column":24},"end":{"line":3,"column":null}},"1":{"start":{"line":1,"column":23},"end":{"line":1,"column":null}}},"fnMap":{"0":{"name":"AboutUs","decl":{"start":{"line":3,"column":24},"end":{"line":3,"column":null}},"loc":{"start":{"line":3,"column":24},"end":{"line":10,"column":null}}}},"branchMap":{},"s":{"0":0,"1":0},"f":{"0":0},"b":{}}
,"C:\\Users\\tngud\\OneDrive\\바탕 화면\\next.js\\learn-nextjs14\\utils\\subtraction.js": {"path":"C:\\Users\\tngud\\OneDrive\\바탕 화면\\next.js\\learn-nextjs14\\utils\\subtraction.js","statementMap":{"0":{"start":{"line":2,"column":2},"end":{"line":2,"column":null}},"1":{"start":{"line":5,"column":0},"end":{"line":5,"column":null}}},"fnMap":{"0":{"name":"subtraction","decl":{"start":{"line":1,"column":9},"end":{"line":1,"column":21}},"loc":{"start":{"line":1,"column":25},"end":{"line":3,"column":null}}}},"branchMap":{},"s":{"0":1,"1":1},"f":{"0":1},"b":{}}
}
