TN:
SF:pages\layout.tsx
FN:6,RootLayout
FNF:1
FNH:0
FNDA:0,RootLayout
DA:1,0
DA:6,0
LF:2
LH:0
BRF:0
BRH:0
end_of_record
TN:
SF:pages\not-found.tsx
FN:3,NotFound
FNF:1
FNH:0
FNDA:0,NotFound
DA:1,0
DA:3,0
LF:2
LH:0
BRF:0
BRH:0
end_of_record
TN:
SF:pages\page.tsx
FN:3,Page
FNF:1
FNH:0
FNDA:0,Page
DA:1,0
DA:3,0
LF:2
LH:0
BRF:0
BRH:0
end_of_record
TN:
SF:pages\about-us\page.tsx
FN:3,AboutUs
FNF:1
FNH:0
FNDA:0,AboutUs
DA:1,0
DA:3,0
LF:2
LH:0
BRF:0
BRH:0
end_of_record
TN:
SF:utils\subtraction.js
FN:1,subtraction
FNF:1
FNH:1
FNDA:1,subtraction
DA:2,1
DA:5,1
LF:2
LH:2
BRF:0
BRH:0
end_of_record
